#Data tag : 19v3 , Norm tag: composite
+-------------+-------------------+------+------+----------------+---------------+
| run:fill    | time              | nls  | ncms | delivered(/pb) | recorded(/pb) |
+-------------+-------------------+------+------+----------------+---------------+
| 297050:5839 | 06/16/17 20:55:44 | 710  | 710  | 97.230964668   | 94.724927121  |
| 297056:5840 | 06/17/17 05:00:46 | 192  | 192  | 32.591964402   | 29.288606072  |
| 297057:5840 | 06/17/17 06:18:36 | 873  | 873  | 117.049341330  | 114.452759098 |
| 297099:5842 | 06/17/17 19:23:59 | 39   | 39   | 7.762296592    | 7.194742166   |
| 297100:5842 | 06/17/17 19:41:21 | 371  | 369  | 76.683456942   | 72.334501905  |
| 297101:5842 | 06/17/17 22:12:25 | 1085 | 1085 | 165.994010162  | 161.966021475 |
| 297113:5845 | 06/18/17 12:43:12 | 246  | 239  | 57.880080520   | 52.137598205  |
| 297114:5845 | 06/18/17 14:21:04 | 155  | 155  | 33.937490827   | 32.863186359  |
| 297175:5848 | 06/19/17 19:04:40 | 85   | 76   | 19.072698789   | 15.880451081  |
| 297176:5848 | 06/19/17 19:42:18 | 200  | 196  | 42.484578181   | 39.921738085  |
| 297177:5848 | 06/19/17 21:04:30 | 162  | 158  | 32.266096203   | 30.311822586  |
| 297178:5848 | 06/19/17 22:09:07 | 1347 | 1340 | 199.083047073  | 194.468063586 |
| 297179:5848 | 06/20/17 07:09:38 | 92   | 88   | 10.187425858   | 9.401683395   |
| 297215:5849 | 06/20/17 13:53:03 | 47   | 47   | 13.026156118   | 12.287170328  |
| 297218:5849 | 06/20/17 14:14:26 | 27   | 24   | 7.266782878    | 3.701263178   |
| 297219:5849 | 06/20/17 14:26:07 | 2608 | 2607 | 434.636720702  | 421.745795404 |
| 297224:5849 | 06/21/17 07:56:03 | 125  | 125  | 11.823265290   | 11.615493281  |
| 297225:5849 | 06/21/17 08:49:06 | 32   | 25   | 2.943522903    | 2.194205949   |
| 297227:5849 | 06/21/17 09:04:44 | 184  | 184  | 15.814927684   | 15.669415559  |
| 297292:5856 | 06/22/17 02:42:29 | 738  | 735  | 182.227163034  | 171.490117510 |
| 297293:5856 | 06/22/17 07:41:33 | 145  | 139  | 29.838262213   | 27.186603591  |
| 297296:5856 | 06/22/17 08:47:07 | 484  | 479  | 88.504208604   | 84.206759798  |
| 297308:5856 | 06/22/17 12:06:46 | 44   | 44   | 6.548255964    | 6.297792183   |
| 297359:5862 | 06/23/17 03:26:00 | 49   | 49   | 14.430823227   | 13.794586943  |
| 297411:5864 | 06/23/17 13:35:24 | 911  | 911  | 210.605395610  | 201.578373748 |
| 297424:5865 | 06/24/17 00:42:30 | 118  | 117  | 34.421303467   | 31.269800334  |
| 297425:5865 | 06/24/17 01:29:38 | 153  | 149  | 43.727242074   | 41.145061051  |
| 297426:5865 | 06/24/17 02:30:35 | 101  | 100  | 27.149793472   | 24.960652984  |
| 297429:5865 | 06/24/17 03:24:57 | 72   | 72   | 18.312501209   | 17.366166390  |
| 297430:5865 | 06/24/17 04:03:47 | 199  | 199  | 48.207441719   | 46.126811780  |
| 297431:5865 | 06/24/17 05:23:08 | 177  | 174  | 39.698111496   | 37.653039230  |
| 297432:5865 | 06/24/17 06:36:23 | 112  | 112  | 23.809413136   | 23.084376788  |
| 297433:5865 | 06/24/17 07:41:47 | 159  | 153  | 31.799923897   | 29.638958688  |
| 297434:5865 | 06/24/17 08:43:17 | 161  | 156  | 30.295415280   | 28.677731701  |
| 297435:5865 | 06/24/17 09:45:40 | 94   | 94   | 17.018092687   | 16.643700539  |
| 297467:5868 | 06/24/17 19:48:19 | 89   | 89   | 30.126764319   | 27.888356975  |
| 297468:5868 | 06/24/17 20:28:56 | 74   | 74   | 24.093418105   | 23.129902106  |
| 297469:5868 | 06/24/17 21:02:04 | 66   | 66   | 20.647863940   | 18.840735671  |
| 297483:5872 | 06/25/17 05:36:28 | 172  | 171  | 51.476653674   | 47.680580397  |
| 297484:5872 | 06/25/17 06:47:17 | 204  | 204  | 58.113515980   | 55.238020684  |
| 297485:5872 | 06/25/17 08:17:19 | 402  | 397  | 100.495203428  | 95.712302482  |
| 297486:5872 | 06/25/17 11:05:54 | 617  | 615  | 126.438536434  | 122.425327074 |
| 297487:5872 | 06/25/17 15:14:37 | 600  | 595  | 98.229493120   | 95.190698976  |
| 297488:5872 | 06/25/17 19:17:09 | 418  | 418  | 56.312738598   | 55.201475701  |
| 297503:5873 | 06/26/17 02:02:26 | 748  | 745  | 191.446749482  | 183.465358117 |
| 297504:5873 | 06/26/17 07:10:25 | 53   | 52   | 11.426358850   | 10.723747924  |
| 297505:5873 | 06/26/17 08:06:28 | 394  | 394  | 76.296058949   | 74.256537871  |
| 297557:5876 | 06/26/17 23:20:35 | 334  | 334  | 99.951800151   | 93.802629004  |
| 297558:5876 | 06/27/17 01:56:22 | 258  | 255  | 68.404483976   | 64.909735286  |
| 297562:5876 | 06/27/17 05:58:50 | 319  | 318  | 64.025559630   | 61.496356053  |
| 297563:5876 | 06/27/17 08:23:20 | 259  | 259  | 46.709527342   | 45.288722833  |
| 297598:5878 | 06/27/17 14:59:43 | 13   | 6    | 4.094701698    | 1.177114777   |
| 297599:5878 | 06/27/17 15:06:25 | 347  | 342  | 97.794703548   | 92.672836132  |
| 297603:5878 | 06/27/17 17:52:22 | 420  | 418  | 103.179053607  | 98.963659377  |
| 297604:5878 | 06/27/17 20:44:33 | 392  | 389  | 81.786127432   | 78.676946378  |
| 297605:5878 | 06/27/17 23:22:43 | 360  | 357  | 65.548082498   | 63.532866163  |
| 297606:5878 | 06/28/17 02:10:08 | 227  | 227  | 36.465987862   | 35.601065109  |
| 297620:5880 | 06/28/17 10:09:22 | 287  | 287  | 88.077411771   | 82.127437150  |
| 297656:5882 | 06/28/17 17:39:53 | 303  | 300  | 97.796906410   | 93.082705118  |
| 297665:5882 | 06/29/17 00:46:59 | 270  | 267  | 58.727234278   | 56.351241456  |
| 297666:5882 | 06/29/17 02:42:25 | 112  | 112  | 22.563105387   | 21.995358764  |
| 297670:5883 | 06/29/17 06:26:33 | 14   | 7    | 4.686678583    | 2.132356496   |
| 297674:5883 | 06/29/17 07:15:59 | 181  | 176  | 56.035425479   | 52.021832286  |
| 297675:5883 | 06/29/17 08:36:58 | 455  | 451  | 123.896714789  | 118.758571359 |
| 297722:5887 | 06/29/17 20:40:23 | 295  | 287  | 96.878255486   | 90.928385678  |
| 297723:5887 | 06/29/17 23:02:24 | 185  | 185  | 53.721529262   | 51.758050571  |
| 298996:5942 | 07/14/17 07:36:18 | 184  | 184  | 28.674296698   | 22.845749968  |
| 298997:5942 | 07/14/17 08:52:13 | 38   | 38   | 5.792101810    | 3.924806937   |
| 299000:5942 | 07/14/17 09:20:59 | 74   | 74   | 10.062948851   | 8.038139210   |
| 299042:5946 | 07/14/17 20:11:50 | 23   | 23   | 4.137075545    | 2.019627470   |
| 299061:5950 | 07/15/17 01:00:37 | 318  | 311  | 79.698198057   | 64.855291727  |
| 299062:5950 | 07/15/17 03:04:08 | 301  | 294  | 69.058224922   | 58.465106099  |
| 299064:5950 | 07/15/17 05:04:34 | 79   | 78   | 16.999333731   | 15.542907940  |
| 299065:5950 | 07/15/17 05:49:29 | 328  | 321  | 64.549901552   | 57.497448071  |
| 299067:5950 | 07/15/17 08:12:54 | 459  | 459  | 76.024723177   | 68.806839611  |
| 299096:5952 | 07/15/17 15:27:14 | 96   | 96   | 26.625680015   | 24.066610106  |
| 299149:5954 | 07/16/17 01:40:41 | 442  | 442  | 120.827012237  | 108.248934777 |
| 299178:5958 | 07/16/17 12:24:55 | 74   | 70   | 19.781371489   | 15.790997688  |
| 299180:5958 | 07/16/17 12:57:51 | 94   | 68   | 25.881680713   | 15.575464604  |
| 299184:5958 | 07/16/17 13:42:24 | 561  | 555  | 136.315474533  | 123.264916031 |
| 299185:5958 | 07/16/17 17:26:14 | 120  | 120  | 25.655519468   | 23.452406354  |
| 299327:5960 | 07/18/17 07:53:09 | 72   | 69   | 17.371543532   | 15.178467263  |
| 299329:5960 | 07/18/17 08:25:06 | 172  | 172  | 39.728373625   | 37.486979818  |
+-------------+-------------------+------+------+----------------+---------------+
#Summary: 
+-------+------+-------+-------+-------------------+------------------+
| nfill | nrun | nls   | ncms  | totdelivered(/pb) | totrecorded(/pb) |
+-------+------+-------+-------+-------------------+------------------+
| 26    | 83   | 24600 | 24386 | 5106.958278230    | 4803.371585736   |
+-------+------+-------+-------+-------------------+------------------+
#Check JSON:
#(run,ls) in json but not in results: []
